20260316	12:59:19	4af96847-5b8f-41bb-8636-fbe0fd012ad0	GET	/splash	undefined
20260316	12:59:20	e1fb70bf-da33-409b-b4a9-0883dcb7c5c2	GET	/css/style.css	undefined
20260316	13:01:50	64592f2e-7fe4-48a8-adca-9cbdad6815b0	GET	/splas	undefined
20260316	13:01:50	f9fc542d-8eea-426a-a244-9c6db284f03e	GET	/splas	undefined
20260316	13:01:50	24c9a19a-ad16-45f8-be1d-d53ea9ec3cbc	GET	/css/style.css	undefined
2026-03-16	13:19:27	4f8d931f-a76e-436d-ac37-121e5c58bf2f	GET	/splash	undefined
2026-03-16	13:19:28	bb65e829-e48c-4dda-aca7-86a6c1090f81	GET	/css/style.css	undefined
2026-03-16	14:03:59	a8d8812a-34a3-4e68-a827-5df9585f1520	GET	/.well-known/appspecific/com.chrome.devtools.json	undefined
2026-03-16	14:03:59	9193bbf7-97ef-4878-a559-61358ea89478	GET	/css/style.css	undefined
2026-03-16	14:06:06	c54f0446-e382-46c7-8dd8-1d29938fd178	GET	/localhost:5001/splash	undefined
2026-03-16	14:06:16	9ae610f6-83d5-4704-a1a0-392602da4900	GET	/localhost:5001/	undefined
2026-03-16	14:06:21	58768574-9084-4d33-aa30-a94a2f214e08	GET	/localhost:5001	undefined
2026-03-16	14:06:54	ce1a4652-1fef-4b96-b74e-ac7f8583c6a4	GET	/splash	undefined
2026-03-16	14:06:54	488612f3-e644-44c7-bdb5-cb4100e1c5ac	GET	/.well-known/appspecific/com.chrome.devtools.json	undefined
2026-03-16	14:06:54	4be4a0da-6ac0-4cc9-b24b-922e9de1d13e	GET	/css/style.css	undefined
2026-03-16	14:13:58	35290b9b-480b-4172-b11a-d3694b78c941	GET	/localhost:5001	undefined
2026-03-16	14:31:35	02a42e21-4dbb-43d7-ada3-025c6921bb54	GET	/localhost:5001	undefined
2026-03-16	14:33:20	698d5aed-50b6-4c21-bbb1-e74997dff2b4	GET	/localhost:5001	undefined
2026-03-16	14:33:31	c816c95c-cdc1-42c9-aa12-0f0ee89d846b	GET	/localhost:3000	undefined
2026-03-16	14:35:57	256f4a8e-9ae7-4af5-a7ab-25167a018b1a	GET	/	https://www.google.com
2026-03-16	14:37:55	336d0398-9def-46e0-b0b8-5f86ac1a3c43	GET	/splash	undefined
2026-03-16	14:37:55	15445869-ff8c-4950-816e-b05405054b5c	GET	/.well-known/appspecific/com.chrome.devtools.json	undefined
2026-03-16	14:37:55	7b1b78c4-dbd9-4f94-b4e8-05fb885a168e	GET	/css/style.css	undefined
2026-03-16	14:38:00	eeabc5f0-d988-4658-b851-bb285ee179e5	GET	/localhost:5002	undefined
2026-03-16	14:38:06	3e48e9fe-f213-4649-889c-90b2a19ab3ec	GET	/localhost:5001	undefined
2026-03-16	14:44:25	7a5fc2b8-36e6-4050-a6f3-68c546798266	GET	/	https://loadedfiles.org
2026-03-16	14:45:04	5aafd11c-6968-4dc4-86c8-05e5afa55781	GET	/	https://loadedfiles.org
2026-03-17	09:38:24	60a844ba-4af2-4a59-a3de-008e99a7ea6c	GET	/users	undefined
2026-03-17	09:38:24	146fe0d8-e53e-48d7-9d5b-80487507c5be	GET	/favicon.ico	undefined
2026-03-17	11:23:26	d85ca2e7-0499-49f9-869b-48d5fb94db7c	POST	/users	undefined
2026-03-17	11:24:20	32ef8581-706f-4bb8-a362-7dee14289ac7	POST	/users	undefined
2026-03-17	11:24:58	b4f5f417-31e7-4ab2-98d3-2f09f25c5584	POST	/users	undefined
2026-03-17	11:25:00	4fb08d87-ec58-402c-9872-6b0bd5851eb4	POST	/users	undefined
2026-03-17	11:25:09	ac4bd479-7032-4a23-a265-3a5ec7c64880	POST	/users	undefined
2026-03-17	11:26:44	2c65019f-625e-4340-8796-22811259eccb	POST	/users	undefined
2026-03-17	11:27:34	2e745cf7-e5dd-43cd-a6f8-1176b70d27f7	POST	/users	undefined
2026-03-17	11:27:55	cb967c63-39ae-48ff-8ceb-d9cbd82ae193	POST	/users	undefined
2026-03-17	11:27:56	f0d1a4df-f908-4fc2-95b4-3e4945da264d	POST	/users	undefined
2026-03-17	11:28:34	62675f49-0282-4ef3-907c-ad973398c8b7	POST	/users	undefined
2026-03-17	11:29:18	36961ced-3fbc-4e7b-9176-a6247f9e61e5	GET	/users	undefined
2026-03-17	11:30:10	f7f7e647-84e8-43bb-8812-c59f6e91c557	GET	/users	undefined
2026-03-17	11:30:45	9ad57ea8-4c72-49d9-8270-c45392d9d7f2	GET	/users	undefined
2026-03-17	11:32:28	8eec5c7c-90ad-44ac-884a-457422fd8dba	POST	/users	undefined
2026-03-17	11:32:48	a49788b6-697b-4168-9632-211e706de49f	GET	/users	undefined
2026-03-17	11:33:43	157486d6-d0d7-452d-ab14-df318a8d7b04	POST	/users	undefined
2026-03-17	11:33:50	41230f26-d7fc-4fe7-9f0f-6b31cf9d7f73	GET	/users	undefined
2026-03-17	11:40:38	23aed9d2-4838-4b3e-97f9-1ff5919ce369	POST	/users	undefined
2026-03-17	11:41:19	ecfcc224-98a8-4dc3-aaf9-80806ed29a10	POST	/users	undefined
2026-03-17	11:42:03	f1ed11e2-bcf6-4a2b-bf3e-0a6dc93d4f33	POST	/users	undefined
2026-03-17	11:43:41	b796067f-4095-4464-aff1-82db2ade5713	POST	/users	undefined
2026-03-17	11:43:53	af389e5e-982e-4209-832e-0febbb3d2698	GET	/users	undefined
2026-03-17	11:44:13	72c4c1b0-99fd-41c5-a839-2a303319ea53	PATCH	/users/69b92dbd245397ad479abd13	undefined
2026-03-17	11:44:25	3d981ea7-ef87-4cb4-a1c7-8b9c95f75bac	PUT	/users/69b92dbd245397ad479abd13	undefined
2026-03-17	11:44:34	5f5a153c-0321-4bdc-8d6f-2bd9fcd5e40e	PUT	/users/	undefined
2026-03-17	11:44:40	e7a1b121-c6be-45f1-b644-1eeed2e155d1	POST	/users/	undefined
2026-03-17	11:44:48	64d547c1-112f-42bd-b8f9-356933a2519d	POST	/users/	undefined
2026-03-17	11:46:54	26ba365a-9c38-4b01-80bc-564bea0b35a6	GET	/users/	undefined
2026-03-17	11:47:45	0e27e03f-ce3a-45d6-9881-a2a91e063841	PATCH	/users/	undefined
2026-03-17	11:47:57	cf53ef2a-c5c7-4186-85e3-9616c80bc70c	PATCH	/users/	undefined
2026-03-17	11:48:05	51b7da32-61b2-4a79-838c-7b2316964972	PATCH	/users/	undefined
2026-03-17	11:48:52	11298ef7-7173-446d-ab12-79f44754d246	PATCH	/users/	undefined
2026-03-17	11:49:00	ba224558-cc76-410e-9322-5a06aeeb50d2	GET	/users/	undefined
2026-03-17	11:49:13	5b8dc235-2745-40e7-90a5-8e8bd8341e09	PATCH	/users/	undefined
2026-03-17	11:49:19	25d88299-877d-4512-b384-8e2b37a55ddb	GET	/users/	undefined
2026-03-17	13:03:56	28881581-8ead-457c-b995-89c149e6dc89	POST	/notes/	undefined
2026-03-17	13:10:30	237d8097-96a1-412e-b281-7ea69b260b11	POST	/notes	undefined
2026-03-17	13:11:55	cae82882-25af-4bad-9dc4-8eb8432f750a	GET	/notes	undefined
2026-03-17	13:15:07	04e0e03e-b9b4-4271-880f-6e7fe13e3480	GET	/notes	undefined
2026-03-17	13:15:14	449798af-d578-469d-ad42-6343c2849afd	POST	/notes	undefined
2026-03-23	10:29:32	a8b175c1-1ea7-4a3c-975a-abca3d592d8f	GET	/users	http://localhost:5173
2026-03-23	10:30:53	78911104-6231-43d9-aed5-88e3c75428c4	GET	/users	http://localhost:5173
2026-03-23	10:51:06	6b71ce8b-2254-4774-aef1-a9c4ffb9bad4	OPTIONS	/users	http://localhost:5173
2026-03-23	10:51:26	4172691e-70bc-49cb-b321-b6dc94bcb862	GET	/users	undefined
2026-03-23	10:51:26	3402d2f5-d8ec-43a4-b2b7-41c537bb2b6e	GET	/favicon.ico	undefined
2026-03-23	11:19:57	d752491a-cd39-4bf1-9713-c3e1229bed3b	OPTIONS	/users	http://localhost:5173
2026-03-23	11:21:12	6f34c592-6948-44c5-990d-b0adde509560	GET	/notes	undefined
2026-03-23	11:21:15	f1077604-9a53-4474-98d5-a0d72fbf6af4	GET	/notes	undefined
2026-03-23	11:22:29	ce928d7a-7d60-4f44-ae3f-dcb063414fde	GET	/	undefined
2026-03-23	11:23:16	19ae8803-8a93-44c8-884e-7275bea64039	GET	/users	undefined
2026-03-23	11:30:12	86570c21-52f4-4221-9fbe-350ef59d78ae	GET	/users	http://localhost:5173
2026-03-23	11:37:05	3d034cc1-9635-4a4d-81ae-7d355a375355	GET	/users	http://localhost:5173
2026-03-23	11:37:32	c9ba3ebd-8c36-4cc6-b755-4363679b3568	GET	/users	http://localhost:5173
2026-03-23	11:37:56	f3cd7cf7-1391-45c3-b5e7-6ccb00a66564	GET	/users	http://localhost:5173
2026-03-23	11:38:42	2c1998af-9b77-42df-8935-bacfacccca46	GET	/users	http://localhost:5173
2026-03-23	11:39:06	86a1ef1d-3fa7-4938-9111-e918712cbc9c	GET	/users	http://localhost:5173
2026-03-23	11:40:10	46278cd8-a44e-49af-a913-34d43e71c35d	GET	/users	http://localhost:5173
2026-03-23	11:40:42	345c1a18-652e-4feb-a222-d1e2dee2000e	GET	/users	http://localhost:5173
